<?xml version="1.0" encoding="UTF-8"?>
<persistence version="3.0"
             xmlns="https://jakarta.ee/xml/ns/persistence"
             xmlns:xsi="http://www.w3.org/2001/XMLSchema-instance"
             xsi:schemaLocation="https://jakarta.ee/xml/ns/persistence
                                 https://jakarta.ee/xml/ns/persistence/persistence_3_0.xsd">
    
    <persistence-unit name="flyway-test-pu" transaction-type="JTA">
        <jta-data-source>java:jboss/datasources/ExampleDS</jta-data-source>
        <properties>
            <!-- Hibernate properties -->
            <property name="hibernate.dialect" value="org.hibernate.dialect.H2Dialect"/>
            <property name="hibernate.hbm2ddl.auto" value="none"/> <!-- Let Flyway handle schema -->
            <property name="hibernate.show_sql" value="true"/>
            <property name="hibernate.format_sql" value="true"/>
            
            <!-- Connection pool settings -->
            <property name="hibernate.connection.pool_size" value="10"/>
            
            <!-- Second level cache -->
            <property name="hibernate.cache.use_second_level_cache" value="false"/>
            
            <!-- Statistics -->
            <property name="hibernate.generate_statistics" value="true"/>
        </properties>
    </persistence-unit>
</persistence>